[deothemes.com/envato/sedona/html/index.html]
[backblue.gif]
[fade.gif]
[index.html]
[deothemes.com/envato/sedona/html/css/bootstrap.min.css]
[deothemes.com/envato/sedona/html/css/font-icons.css]
[deothemes.com/envato/sedona/html/revolution/css/settings.css]
[deothemes.com/envato/sedona/html/css/style.css]
[deothemes.com/envato/sedona/html/img/favicon.ico]
[deothemes.com/envato/sedona/html/img/apple-touch-icon.png]
[deothemes.com/envato/sedona/html/img/apple-touch-icon-72x72.png]
[deothemes.com/envato/sedona/html/img/apple-touch-icon-114x114.png]
[deothemes.com/envato/sedona/html/img/logo.png]
[deothemes.com/envato/sedona/html/index-2.html]
[deothemes.com/envato/sedona/html/index-3.html]
[deothemes.com/envato/sedona/html/index-4.html]
[deothemes.com/envato/sedona/html/about.html]
[deothemes.com/envato/sedona/html/services.html]
[deothemes.com/envato/sedona/html/single-service.html]
[deothemes.com/envato/sedona/html/contact.html]
[deothemes.com/envato/sedona/html/portfolio.html]
[deothemes.com/envato/sedona/html/portfolio-gallery.html]
[deothemes.com/envato/sedona/html/portfolio-single.html]
[deothemes.com/envato/sedona/html/icons.html]
[deothemes.com/envato/sedona/html/elements.html]
[deothemes.com/envato/sedona/html/blog.html]
[deothemes.com/envato/sedona/html/blog-masonry.html]
[deothemes.com/envato/sedona/html/single-post.html]
[deothemes.com/envato/sedona/html/img/revolution/home-1/1.jpg]
[deothemes.com/envato/sedona/html/img/revolution/home-1/2.jpg]
[deothemes.com/envato/sedona/html/img/revolution/home-1/3.jpg]
[deothemes.com/envato/sedona/html/img/intro/1.jpg]
[deothemes.com/envato/sedona/html/img/portfolio/masonry/2.jpg]
[deothemes.com/envato/sedona/html/img/portfolio/masonry/4.jpg]
[deothemes.com/envato/sedona/html/img/testimonials/bg.jpg]
[deothemes.com/envato/sedona/html/img/partners/1.png]
[deothemes.com/envato/sedona/html/img/partners/2.png]
[deothemes.com/envato/sedona/html/img/partners/3.png]
[deothemes.com/envato/sedona/html/img/partners/4.png]
[deothemes.com/envato/sedona/html/img/partners/5.png]
[deothemes.com/envato/sedona/html/img/partners/6.png]
[deothemes.com/envato/sedona/html/img/blog/from_blog_1.jpg]
[deothemes.com/envato/sedona/html/img/blog/from_blog_2.jpg]
[deothemes.com/envato/sedona/html/img/footer/1.jpg]
[deothemes.com/envato/sedona/html/img/logo_white.png]
[deothemes.com/envato/sedona/html/js/bootstrap.min.js]
[deothemes.com/envato/sedona/html/js/jquery.min.js]
[deothemes.com/envato/sedona/html/js/plugins.js]
[deothemes.com/envato/sedona/html/js/rev-slider.js]
[deothemes.com/envato/sedona/html/revolution/js/jquery.themepunch.revolution.min.js]
[deothemes.com/envato/sedona/html/js/scripts.js]
[deothemes.com/envato/sedona/html/revolution/js/extensions/revolution.extension.carousel.min.js]
[deothemes.com/envato/sedona/html/revolution/js/extensions/revolution.extension.video.min.js]
[deothemes.com/envato/sedona/html/revolution/js/extensions/revolution.extension.actions.min.js]
[deothemes.com/envato/sedona/html/revolution/js/extensions/revolution.extension.slideanims.min.js]
[deothemes.com/envato/sedona/html/revolution/js/extensions/revolution.extension.kenburn.min.js]
[deothemes.com/envato/sedona/html/revolution/js/extensions/revolution.extension.layeranimation.min.js]
[deothemes.com/envato/sedona/html/revolution/js/extensions/revolution.extension.navigation.min.js]
[deothemes.com/envato/sedona/html/revolution/js/extensions/revolution.extension.migration.min.js]
[deothemes.com/envato/sedona/html/index.html]
[deothemes.com/envato/sedona/html/css/bootstrap.min.css]
[deothemes.com/envato/sedona/html/revolution/js/extensions/revolution.extension.parallax.min.js]
[deothemes.com/envato/sedona/html/fonts/Icon54a945.ttf]
[deothemes.com/envato/sedona/html/fonts/Icon54a945.woff]
[deothemes.com/envato/sedona/html/fonts/Icon54a945.svg]
[deothemes.com/envato/sedona/html/fonts/ui-icons6056.woff2]
[deothemes.com/envato/sedona/html/fonts/ui-icons6056.eot]
[deothemes.com/envato/sedona/html/fonts/ui-icons6056.woff]
[deothemes.com/envato/sedona/html/fonts/ui-icons6056.ttf]
[deothemes.com/envato/sedona/html/css/font-icons.css]
[deothemes.com/envato/sedona/html/revolution/fonts/revicons/revicons90c6.eot]
[deothemes.com/envato/sedona/html/revolution/fonts/revicons/revicons90c6.woff]
[deothemes.com/envato/sedona/html/revolution/fonts/revicons/revicons90c6.ttf]
[deothemes.com/envato/sedona/html/revolution/fonts/revicons/revicons90c6.svg]
[deothemes.com/envato/sedona/html/revolution/assets/gridtile.png]
[deothemes.com/envato/sedona/html/revolution/assets/gridtile_white.png]
[deothemes.com/envato/sedona/html/revolution/assets/gridtile_3x3.png]
[deothemes.com/envato/sedona/html/revolution/assets/gridtile_3x3_white.png]
[deothemes.com/envato/sedona/html/revolution/assets/coloredbg.png]
[deothemes.com/envato/sedona/html/revolution/assets/loader.gif]
[deothemes.com/envato/sedona/html/revolution/css/settings.css]
[deothemes.com/envato/sedona/html/img/dropdown.png]
[deothemes.com/envato/sedona/html/css/owl.video.play.png]
[deothemes.com/envato/sedona/html/css/slick/ajax-loader.gif]
[deothemes.com/envato/sedona/html/css/style.css]
[deothemes.com/envato/sedona/html/img/apple-touch-icon.html]
[deothemes.com/envato/sedona/html/img/revolution/home-2/1.jpg]
[deothemes.com/envato/sedona/html/img/services/1.jpg]
[deothemes.com/envato/sedona/html/img/services/2.jpg]
[deothemes.com/envato/sedona/html/img/services/3.jpg]
[deothemes.com/envato/sedona/html/img/team/1.jpg]
[deothemes.com/envato/sedona/html/img/team/3.jpg]
[deothemes.com/envato/sedona/html/js/google-map.js]
[deothemes.com/envato/sedona/html/index-2.html]
[deothemes.com/envato/sedona/html/img/revolution/home-3/1.jpg]
[deothemes.com/envato/sedona/html/img/revolution/home-3/3.jpg]
[deothemes.com/envato/sedona/html/img/services/v-2/2.jpg]
[deothemes.com/envato/sedona/html/img/services/v-2/3.jpg]
[deothemes.com/envato/sedona/html/index-3.html]
[deothemes.com/envato/sedona/html/img/revolution/home-4/1.jpg]
[deothemes.com/envato/sedona/html/img/revolution/home-4/2.jpg]
[deothemes.com/envato/sedona/html/img/revolution/home-4/3.jpg]
[deothemes.com/envato/sedona/html/img/revolution/home-4/4.jpg]
[deothemes.com/envato/sedona/html/index-4.html]
[deothemes.com/envato/sedona/html/img/page-title/about.jpg]
[deothemes.com/envato/sedona/html/about.html]
[deothemes.com/envato/sedona/html/img/page-title/services.jpg]
[deothemes.com/envato/sedona/html/img/services/v-2/4.jpg]
[deothemes.com/envato/sedona/html/img/services/v-2/6.jpg]
[deothemes.com/envato/sedona/html/services.html]
[deothemes.com/envato/sedona/html/img/services/single/1.jpg]
[deothemes.com/envato/sedona/html/img/services/single/3.jpg]
[deothemes.com/envato/sedona/html/single-service.html]
[deothemes.com/envato/sedona/html/img/page-title/contact.jpg]
[deothemes.com/envato/sedona/html/contact.html]
[deothemes.com/envato/sedona/html/img/page-title/portfolio.jpg]
[deothemes.com/envato/sedona/html/img/portfolio/v-2/3.jpg]
[deothemes.com/envato/sedona/html/portfolio.html]
[deothemes.com/envato/sedona/html/img/portfolio/2.jpg]
[deothemes.com/envato/sedona/html/img/portfolio/4.jpg]
[deothemes.com/envato/sedona/html/img/portfolio/6.jpg]
[deothemes.com/envato/sedona/html/img/portfolio/7.jpg]
[deothemes.com/envato/sedona/html/img/portfolio/9.jpg]
[deothemes.com/envato/sedona/html/img/portfolio/11.jpg]
[deothemes.com/envato/sedona/html/img/portfolio/13.jpg]
[deothemes.com/envato/sedona/html/img/portfolio/14.jpg]
[deothemes.com/envato/sedona/html/img/portfolio/16.jpg]
[deothemes.com/envato/sedona/html/portfolio-gallery.html]
[deothemes.com/envato/sedona/html/img/portfolio/featured.jpg]
[deothemes.com/envato/sedona/html/portfolio-single.html]
[deothemes.com/envato/sedona/html/icons.html]
[deothemes.com/envato/sedona/html/elements.html]
[deothemes.com/envato/sedona/html/img/page-title/blog.jpg]
[deothemes.com/envato/sedona/html/img/blog/v-2/post_2.jpg]
[deothemes.com/envato/sedona/html/img/blog/v-2/post_4.jpg]
[deothemes.com/envato/sedona/html/blog.html]
[deothemes.com/envato/sedona/html/img/blog/post_1.jpg]
[deothemes.com/envato/sedona/html/img/blog/post_2.jpg]
[deothemes.com/envato/sedona/html/img/blog/post_3.jpg]
[deothemes.com/envato/sedona/html/img/blog/post_4.jpg]
[deothemes.com/envato/sedona/html/img/blog/post_5.jpg]
[deothemes.com/envato/sedona/html/img/blog/post_6.jpg]
[deothemes.com/envato/sedona/html/img/blog/post_7.jpg]
[deothemes.com/envato/sedona/html/img/blog/post_8.jpg]
[deothemes.com/envato/sedona/html/img/blog/post_9.jpg]
[deothemes.com/envato/sedona/html/blog-masonry.html]
[deothemes.com/envato/sedona/html/img/blog/featured.jpg]
[deothemes.com/envato/sedona/html/img/blog/post_img_1.jpg]
[deothemes.com/envato/sedona/html/img/blog/comment_1.png]
[deothemes.com/envato/sedona/html/img/blog/comment_2.png]
[deothemes.com/envato/sedona/html/img/blog/comment_3.png]
[deothemes.com/envato/sedona/html/single-post.html]
[deothemes.com/envato/sedona/html/img/portfolio/masonry/1.jpg]
[deothemes.com/envato/sedona/html/img/portfolio/masonry/3.jpg]
[deothemes.com/envato/sedona/html/fonts/Icon54a945.svg]
[deothemes.com/envato/sedona/html/revolution/fonts/revicons/revicons90c6.svg]
[deothemes.com/envato/sedona/html/revolution/css/openhand.html]
[deothemes.com/envato/sedona/html/revolution/css/closedhand.html]
[deothemes.com/envato/sedona/html/revolution/assets/gridtile.html]
[deothemes.com/envato/sedona/html/revolution/assets/gridtile_white.html]
[deothemes.com/envato/sedona/html/revolution/assets/gridtile_3x3.html]
[deothemes.com/envato/sedona/html/revolution/assets/gridtile_3x3_white.html]
[deothemes.com/envato/sedona/html/revolution/assets/coloredbg.html]
[deothemes.com/envato/sedona/html/revolution/assets/loader.html]
[deothemes.com/envato/sedona/html/css/owl.video.play.html]
[deothemes.com/envato/sedona/html/img/portfolio/v-2/1.jpg]
[deothemes.com/envato/sedona/html/fonts/ui-icons6056.svg]
[deothemes.com/envato/sedona/html/img/team/2.jpg]
[deothemes.com/envato/sedona/html/img/services/4.jpg]
[deothemes.com/envato/sedona/html/img/services/v-2/1.jpg]
[deothemes.com/envato/sedona/html/img/services/v-2/5.jpg]
[deothemes.com/envato/sedona/html/img/services/single/2.jpg]
[deothemes.com/envato/sedona/html/img/portfolio/1.jpg]
[deothemes.com/envato/sedona/html/img/portfolio/5.jpg]
[deothemes.com/envato/sedona/html/img/portfolio/10.jpg]
[deothemes.com/envato/sedona/html/img/portfolio/12.jpg]
[deothemes.com/envato/sedona/html/img/portfolio/15.jpg]
[deothemes.com/envato/sedona/html/img/blog/v-2/post_3.jpg]
[deothemes.com/envato/sedona/html/fonts/ui-icons6056.svg]
[deothemes.com/envato/sedona/html/js/gmap3.min.js]
[deothemes.com/envato/sedona/html/img/revolution/home-3/2.jpg]
[deothemes.com/envato/sedona/html/img/portfolio/8.jpg]
[deothemes.com/envato/sedona/html/revolution/js/jquery.themepunch.tools.min.js]
[deothemes.com/envato/sedona/html/img/portfolio/v-2/2.jpg]
[deothemes.com/envato/sedona/html/img/portfolio/3.jpg]
[deothemes.com/envato/sedona/html/img/blog/v-2/post_1.jpg]
[deothemes.com/envato/sedona/html/img/blog/post_img_2.jpg]
